Sat Aug 25 2018 03:19:28 GMT-0600 (Mountain Daylight Time) : GET /about
Sat Aug 25 2018 03:20:26 GMT-0600 (Mountain Daylight Time) : GET /
Sat Aug 25 2018 03:20:40 GMT-0600 (Mountain Daylight Time) : GET /about
Sat Aug 25 2018 03:20:41 GMT-0600 (Mountain Daylight Time) : GET /home
Sat Aug 25 2018 03:20:42 GMT-0600 (Mountain Daylight Time) : GET /about
Sat Aug 25 2018 03:27:06 GMT-0600 (Mountain Daylight Time) : GET /maintenance
Sat Aug 25 2018 03:27:17 GMT-0600 (Mountain Daylight Time) : GET /maintenance
Sat Aug 25 2018 03:27:29 GMT-0600 (Mountain Daylight Time) : GET /maintenance
Sat Aug 25 2018 03:27:42 GMT-0600 (Mountain Daylight Time) : GET /maintenance
Sat Aug 25 2018 03:29:15 GMT-0600 (Mountain Daylight Time) : GET /maintenance
Sat Aug 25 2018 03:29:40 GMT-0600 (Mountain Daylight Time) : GET /maintenance
Sat Aug 25 2018 03:29:46 GMT-0600 (Mountain Daylight Time) : GET /maintenance
Sat Aug 25 2018 03:30:43 GMT-0600 (Mountain Daylight Time) : GET /maintenance
Sat Aug 25 2018 03:34:26 GMT-0600 (Mountain Daylight Time) : GET /help
Sat Aug 25 2018 03:34:39 GMT-0600 (Mountain Daylight Time) : GET /help
Sat Aug 25 2018 03:34:42 GMT-0600 (Mountain Daylight Time) : GET /help
Sat Aug 25 2018 03:35:02 GMT-0600 (Mountain Daylight Time) : GET /help
Sat Aug 25 2018 03:35:26 GMT-0600 (Mountain Daylight Time) : GET /help
Sat Aug 25 2018 03:35:32 GMT-0600 (Mountain Daylight Time) : GET /maintenance
Sat Aug 25 2018 03:36:28 GMT-0600 (Mountain Daylight Time) : GET /help
Sat Aug 25 2018 03:37:13 GMT-0600 (Mountain Daylight Time) : GET /about
Sat Aug 25 2018 03:38:32 GMT-0600 (Mountain Daylight Time) : GET /about
Sat Aug 25 2018 03:39:35 GMT-0600 (Mountain Daylight Time) : GET /about
Sat Aug 25 2018 03:39:58 GMT-0600 (Mountain Daylight Time) : GET /help
Sat Aug 25 2018 03:41:00 GMT-0600 (Mountain Daylight Time) : GET /help.html
Sat Aug 25 2018 03:41:20 GMT-0600 (Mountain Daylight Time) : GET /help.html
Sat Aug 25 2018 03:41:25 GMT-0600 (Mountain Daylight Time) : GET /
Sun Aug 26 2018 02:59:31 GMT-0600 (Mountain Daylight Time) : GET /
Sun Aug 26 2018 02:59:55 GMT-0600 (Mountain Daylight Time) : GET /
Sun Aug 26 2018 02:59:59 GMT-0600 (Mountain Daylight Time) : GET /home
Sun Aug 26 2018 03:00:34 GMT-0600 (Mountain Daylight Time) : GET /
Sun Aug 26 2018 03:00:47 GMT-0600 (Mountain Daylight Time) : GET /about
Sun Aug 26 2018 03:00:48 GMT-0600 (Mountain Daylight Time) : GET /
Sun Aug 26 2018 03:07:02 GMT-0600 (Mountain Daylight Time) : GET /
Sun Aug 26 2018 03:07:03 GMT-0600 (Mountain Daylight Time) : GET /projects
Sun Aug 26 2018 03:07:33 GMT-0600 (Mountain Daylight Time) : GET /projects
Sun Aug 26 2018 03:08:07 GMT-0600 (Mountain Daylight Time) : GET /
Sun Aug 26 2018 03:40:31 GMT-0600 (Mountain Daylight Time) : GET /about
Sun Aug 26 2018 03:40:32 GMT-0600 (Mountain Daylight Time) : GET /projects
Sun Aug 26 2018 03:40:33 GMT-0600 (Mountain Daylight Time) : GET /
Sun Aug 26 2018 03:40:34 GMT-0600 (Mountain Daylight Time) : GET /about
Sun Aug 26 2018 03:40:34 GMT-0600 (Mountain Daylight Time) : GET /projects
